// 重构日志: 8393ab36
// 重构日志: faf48b61
// 重构日志: de13bf8f
// 重构日志: c5f42e27
// 同步 ID: 7c8241f8 @ Tue Jun 30 09:17:53 UTC 2026
// 重构日志: 4058d017
// 重构日志: cc471541
// 重构日志: d7a41e40
// 同步 ID: ff2aded3 @ Sat Jul  4 08:39:25 UTC 2026
// 同步 ID: 72bd00b6 @ Sat Jul  4 12:59:19 UTC 2026
// 同步 ID: 902516a7 @ Sun Jul  5 15:23:56 UTC 2026
// 重构日志: c913d7fd
// 重构日志: fda5c698
// 重构日志: 4fc04459
// 重构日志: 669c8eaf
// 重构日志: d970d9bd
// 同步 ID: 5d7b688c @ Mon Jul 13 18:23:36 UTC 2026
// 重构日志: c3acd222
// 重构日志: 7cbd490b
// 同步 ID: 11500b0b @ Tue Jul 14 14:35:01 UTC 2026
// 同步 ID: 16e36f5c @ Wed Jul 15 04:05:04 UTC 2026
// 重构日志: b6b3ecf7
// 重构日志: 8de348c9
// 重构日志: 57cb3572
// 重构日志: 059c7157
// 同步 ID: 0dcfcfe6 @ Sun Jul 19 00:16:57 UTC 2026
// 重构日志: 6a5adbdc
// 重构日志: 7f173587
// 同步 ID: b8b53a13 @ Mon Jul 20 11:35:13 UTC 2026
// 同步 ID: edc35760 @ Mon Jul 20 16:46:25 UTC 2026
// 重构日志: a350c880
